<?xml version="1.0" encoding="UTF-8"?>
<!-- Generated by org.testng.reporters.JUnitReportReporter -->
<testsuite hostname="LAPTOP-P3A7DST5" failures="0" tests="1" name="com.myStore.testCases.AddToCartPageTest" time="11.226" errors="0" timestamp="2023-05-07T01:18:29 IST" skipped="0">
  <testcase classname="com.myStore.testCases.AddToCartPageTest" name="addToCartTest" time="11.226"/>
  <system-out/>
</testsuite> <!-- com.myStore.testCases.AddToCartPageTest -->
