<?xml version="1.0" encoding="UTF-8"?>
<!-- Generated by org.testng.reporters.JUnitReportReporter -->
<testsuite hostname="LAPTOP-P3A7DST5" failures="0" tests="2" name="com.myStore.testCases.LoginpageTest" time="18.701" errors="0" timestamp="2023-05-07T01:18:29 IST" skipped="0">
  <testcase classname="com.myStore.testCases.LoginpageTest" name="loginTest" time="9.294"/>
  <system-out/>
  <testcase classname="com.myStore.testCases.LoginpageTest" name="loginTest" time="9.407"/>
  <system-out/>
</testsuite> <!-- com.myStore.testCases.LoginpageTest -->
