<?xml version="1.0" encoding="UTF-8"?>
<!-- Generated by org.testng.reporters.JUnitReportReporter -->
<testsuite hostname="LAPTOP-P3A7DST5" failures="0" tests="1" name="com.myStore.testCases.EndToEndTest" time="31.700" errors="0" timestamp="2023-05-07T01:18:29 IST" skipped="0">
  <testcase classname="com.myStore.testCases.EndToEndTest" name="endToEndTest" time="31.700"/>
  <system-out/>
</testsuite> <!-- com.myStore.testCases.EndToEndTest -->
