<?xml version="1.0" encoding="UTF-8"?>
<!-- Generated by org.testng.reporters.JUnitReportReporter -->
<testsuite hostname="LAPTOP-P3A7DST5" failures="0" tests="1" name="com.myStore.testCases.OrderPageTest" time="13.887" errors="0" timestamp="2023-05-07T01:18:29 IST" skipped="0">
  <testcase classname="com.myStore.testCases.OrderPageTest" name="verifyTotalPriceTest" time="13.887"/>
  <system-out/>
</testsuite> <!-- com.myStore.testCases.OrderPageTest -->
