<?xml version="1.0" encoding="UTF-8"?>
<!-- Generated by org.testng.reporters.JUnitReportReporter -->
<testsuite hostname="LAPTOP-P3A7DST5" failures="0" tests="2" name="com.myStore.testCases.IndexPageTest" time="11.756" errors="0" timestamp="2023-05-07T01:18:29 IST" skipped="0">
  <testcase classname="com.myStore.testCases.IndexPageTest" name="verifyLogo" time="5.177"/>
  <system-out/>
  <testcase classname="com.myStore.testCases.IndexPageTest" name="verifyTitle" time="6.579"/>
  <system-out/>
</testsuite> <!-- com.myStore.testCases.IndexPageTest -->
